2020-07-22 13:31:11,732 WARN  [SoapUI] Missing folder [C:\Users\BhaskaraNaiduThota\Desktop\PROJECT\ext] for external libraries
2020-07-22 13:31:12,399 INFO  [DefaultSoapUICore] initialized soapui-settings from [C:\Users\BhaskaraNaiduThota\soapui-settings.xml]
2020-07-22 13:31:20,887 INFO  [PluginManager] Adding plugin from [C:\Users\BhaskaraNaiduThota\.soapuios\plugins\ready-mqtt-plugin-dist.jar]
2020-07-22 13:31:20,912 INFO  [PluginManager] Adding plugin from [C:\Users\BhaskaraNaiduThota\.soapuios\plugins\soapui-swagger-plugin-2.2-dist.jar]
2020-07-22 13:31:24,879 ERROR [SoapUI] An error occurred [com.eviware.soapui.plugins.auto.factories.AutoImportMethodFactory], see error log for details
2020-07-22 13:31:24,919 ERROR [errorlog] java.lang.ClassNotFoundException: com.eviware.soapui.plugins.auto.factories.AutoImportMethodFactory
java.lang.ClassNotFoundException: com.eviware.soapui.plugins.auto.factories.AutoImportMethodFactory
	at org.codehaus.plexus.classworlds.strategy.SelfFirstStrategy.loadClass(SelfFirstStrategy.java:50)
	at org.codehaus.plexus.classworlds.realm.ClassRealm.unsynchronizedLoadClass(ClassRealm.java:271)
	at org.codehaus.plexus.classworlds.realm.ClassRealm.loadClass(ClassRealm.java:247)
	at org.codehaus.plexus.classworlds.realm.ClassRealm.loadClass(ClassRealm.java:239)
	at java.lang.Class.forName0(Native Method)
	at java.lang.Class.forName(Unknown Source)
	at com.eviware.soapui.plugins.LoaderBase.loadAutoFactories(LoaderBase.java:113)
	at com.eviware.soapui.plugins.LoaderBase.loadFactories(LoaderBase.java:80)
	at com.eviware.soapui.plugins.PluginLoader.loadPluginFactories(PluginLoader.java:141)
	at com.eviware.soapui.plugins.PluginLoader.loadPlugin(PluginLoader.java:104)
	at com.eviware.soapui.plugins.PluginLoader.loadPlugin(PluginLoader.java:54)
	at com.eviware.soapui.plugins.PluginManager.doInstallPlugin(PluginManager.java:141)
	at com.eviware.soapui.plugins.PluginManager.access$600(PluginManager.java:43)
	at com.eviware.soapui.plugins.PluginManager$LoadPluginsTask.computeSequentially(PluginManager.java:420)
	at com.eviware.soapui.plugins.PluginManager$LoadPluginsTask.compute(PluginManager.java:377)
	at com.eviware.soapui.plugins.PluginManager$LoadPluginsTask.compute(PluginManager.java:382)
	at com.eviware.soapui.plugins.PluginManager$LoadPluginsTask.compute(PluginManager.java:365)
	at java.util.concurrent.RecursiveTask.exec(Unknown Source)
	at java.util.concurrent.ForkJoinTask.doExec(Unknown Source)
	at java.util.concurrent.ForkJoinPool$WorkQueue.runTask(Unknown Source)
	at java.util.concurrent.ForkJoinPool.runWorker(Unknown Source)
	at java.util.concurrent.ForkJoinWorkerThread.run(Unknown Source)
2020-07-22 13:31:25,236 ERROR [SoapUI] An error occurred [com.eviware.soapui.plugins.auto.factories.AutoImportMethodFactory], see error log for details
2020-07-22 13:31:25,245 ERROR [errorlog] java.lang.ClassNotFoundException: com.eviware.soapui.plugins.auto.factories.AutoImportMethodFactory
java.lang.ClassNotFoundException: com.eviware.soapui.plugins.auto.factories.AutoImportMethodFactory
	at org.codehaus.plexus.classworlds.strategy.SelfFirstStrategy.loadClass(SelfFirstStrategy.java:50)
	at org.codehaus.plexus.classworlds.realm.ClassRealm.unsynchronizedLoadClass(ClassRealm.java:271)
	at org.codehaus.plexus.classworlds.realm.ClassRealm.loadClass(ClassRealm.java:247)
	at org.codehaus.plexus.classworlds.realm.ClassRealm.loadClass(ClassRealm.java:239)
	at java.lang.Class.forName0(Native Method)
	at java.lang.Class.forName(Unknown Source)
	at com.eviware.soapui.plugins.LoaderBase.loadAutoFactories(LoaderBase.java:113)
	at com.eviware.soapui.plugins.LoaderBase.loadFactories(LoaderBase.java:80)
	at com.eviware.soapui.plugins.PluginLoader.loadPluginFactories(PluginLoader.java:141)
	at com.eviware.soapui.plugins.PluginLoader.loadPlugin(PluginLoader.java:104)
	at com.eviware.soapui.plugins.PluginLoader.loadPlugin(PluginLoader.java:54)
	at com.eviware.soapui.plugins.PluginManager.doInstallPlugin(PluginManager.java:141)
	at com.eviware.soapui.plugins.PluginManager.access$600(PluginManager.java:43)
	at com.eviware.soapui.plugins.PluginManager$LoadPluginsTask.computeSequentially(PluginManager.java:420)
	at com.eviware.soapui.plugins.PluginManager$LoadPluginsTask.compute(PluginManager.java:377)
	at com.eviware.soapui.plugins.PluginManager$LoadPluginsTask.compute(PluginManager.java:365)
	at java.util.concurrent.RecursiveTask.exec(Unknown Source)
	at java.util.concurrent.ForkJoinTask.doExec(Unknown Source)
	at java.util.concurrent.ForkJoinPool$WorkQueue.runTask(Unknown Source)
	at java.util.concurrent.ForkJoinPool.runWorker(Unknown Source)
	at java.util.concurrent.ForkJoinWorkerThread.run(Unknown Source)
2020-07-22 13:31:26,209 ERROR [SoapUI] An error occurred [com.eviware.soapui.plugins.auto.factories.AutoDiscoveryMethodFactory], see error log for details
2020-07-22 13:31:26,218 ERROR [errorlog] java.lang.ClassNotFoundException: com.eviware.soapui.plugins.auto.factories.AutoDiscoveryMethodFactory
java.lang.ClassNotFoundException: com.eviware.soapui.plugins.auto.factories.AutoDiscoveryMethodFactory
	at org.codehaus.plexus.classworlds.strategy.SelfFirstStrategy.loadClass(SelfFirstStrategy.java:50)
	at org.codehaus.plexus.classworlds.realm.ClassRealm.unsynchronizedLoadClass(ClassRealm.java:271)
	at org.codehaus.plexus.classworlds.realm.ClassRealm.loadClass(ClassRealm.java:247)
	at org.codehaus.plexus.classworlds.realm.ClassRealm.loadClass(ClassRealm.java:239)
	at java.lang.Class.forName0(Native Method)
	at java.lang.Class.forName(Unknown Source)
	at com.eviware.soapui.plugins.LoaderBase.loadAutoFactories(LoaderBase.java:113)
	at com.eviware.soapui.plugins.LoaderBase.loadFactories(LoaderBase.java:80)
	at com.eviware.soapui.plugins.PluginLoader.loadPluginFactories(PluginLoader.java:141)
	at com.eviware.soapui.plugins.PluginLoader.loadPlugin(PluginLoader.java:104)
	at com.eviware.soapui.plugins.PluginLoader.loadPlugin(PluginLoader.java:54)
	at com.eviware.soapui.plugins.PluginManager.doInstallPlugin(PluginManager.java:141)
	at com.eviware.soapui.plugins.PluginManager.access$600(PluginManager.java:43)
	at com.eviware.soapui.plugins.PluginManager$LoadPluginsTask.computeSequentially(PluginManager.java:420)
	at com.eviware.soapui.plugins.PluginManager$LoadPluginsTask.compute(PluginManager.java:377)
	at com.eviware.soapui.plugins.PluginManager$LoadPluginsTask.compute(PluginManager.java:382)
	at com.eviware.soapui.plugins.PluginManager$LoadPluginsTask.compute(PluginManager.java:365)
	at java.util.concurrent.RecursiveTask.exec(Unknown Source)
	at java.util.concurrent.ForkJoinTask.doExec(Unknown Source)
	at java.util.concurrent.ForkJoinPool$WorkQueue.runTask(Unknown Source)
	at java.util.concurrent.ForkJoinPool.runWorker(Unknown Source)
	at java.util.concurrent.ForkJoinWorkerThread.run(Unknown Source)
2020-07-22 13:31:28,453 ERROR [SoapUI] An error occurred [com.eviware.soapui.plugins.auto.factories.AutoDiscoveryMethodFactory], see error log for details
2020-07-22 13:31:28,455 ERROR [errorlog] java.lang.ClassNotFoundException: com.eviware.soapui.plugins.auto.factories.AutoDiscoveryMethodFactory
java.lang.ClassNotFoundException: com.eviware.soapui.plugins.auto.factories.AutoDiscoveryMethodFactory
	at org.codehaus.plexus.classworlds.strategy.SelfFirstStrategy.loadClass(SelfFirstStrategy.java:50)
	at org.codehaus.plexus.classworlds.realm.ClassRealm.unsynchronizedLoadClass(ClassRealm.java:271)
	at org.codehaus.plexus.classworlds.realm.ClassRealm.loadClass(ClassRealm.java:247)
	at org.codehaus.plexus.classworlds.realm.ClassRealm.loadClass(ClassRealm.java:239)
	at java.lang.Class.forName0(Native Method)
	at java.lang.Class.forName(Unknown Source)
	at com.eviware.soapui.plugins.LoaderBase.loadAutoFactories(LoaderBase.java:113)
	at com.eviware.soapui.plugins.LoaderBase.loadFactories(LoaderBase.java:80)
	at com.eviware.soapui.plugins.PluginLoader.loadPluginFactories(PluginLoader.java:141)
	at com.eviware.soapui.plugins.PluginLoader.loadPlugin(PluginLoader.java:104)
	at com.eviware.soapui.plugins.PluginLoader.loadPlugin(PluginLoader.java:54)
	at com.eviware.soapui.plugins.PluginManager.doInstallPlugin(PluginManager.java:141)
	at com.eviware.soapui.plugins.PluginManager.access$600(PluginManager.java:43)
	at com.eviware.soapui.plugins.PluginManager$LoadPluginsTask.computeSequentially(PluginManager.java:420)
	at com.eviware.soapui.plugins.PluginManager$LoadPluginsTask.compute(PluginManager.java:377)
	at com.eviware.soapui.plugins.PluginManager$LoadPluginsTask.compute(PluginManager.java:365)
	at java.util.concurrent.RecursiveTask.exec(Unknown Source)
	at java.util.concurrent.ForkJoinTask.doExec(Unknown Source)
	at java.util.concurrent.ForkJoinPool$WorkQueue.runTask(Unknown Source)
	at java.util.concurrent.ForkJoinPool.runWorker(Unknown Source)
	at java.util.concurrent.ForkJoinWorkerThread.run(Unknown Source)
2020-07-22 13:31:30,556 INFO  [PluginManager] Adding plugin from [C:\Users\BhaskaraNaiduThota\.soapuios\plugins\ready-uxm-plugin-1.0.1-dist.jar]
2020-07-22 13:31:32,803 INFO  [PluginManager] Adding plugin from [C:\Users\BhaskaraNaiduThota\.soapuios\plugins\readyapi-postman-1.0.1.jar]
2020-07-22 13:31:33,281 ERROR [SoapUI] An error occurred [com.eviware.soapui.plugins.auto.factories.AutoImportMethodFactory], see error log for details
2020-07-22 13:31:33,282 ERROR [errorlog] java.lang.ClassNotFoundException: com.eviware.soapui.plugins.auto.factories.AutoImportMethodFactory
java.lang.ClassNotFoundException: com.eviware.soapui.plugins.auto.factories.AutoImportMethodFactory
	at org.codehaus.plexus.classworlds.strategy.SelfFirstStrategy.loadClass(SelfFirstStrategy.java:50)
	at org.codehaus.plexus.classworlds.realm.ClassRealm.unsynchronizedLoadClass(ClassRealm.java:271)
	at org.codehaus.plexus.classworlds.realm.ClassRealm.loadClass(ClassRealm.java:247)
	at org.codehaus.plexus.classworlds.realm.ClassRealm.loadClass(ClassRealm.java:239)
	at java.lang.Class.forName0(Native Method)
	at java.lang.Class.forName(Unknown Source)
	at com.eviware.soapui.plugins.LoaderBase.loadAutoFactories(LoaderBase.java:113)
	at com.eviware.soapui.plugins.LoaderBase.loadFactories(LoaderBase.java:80)
	at com.eviware.soapui.plugins.PluginLoader.loadPluginFactories(PluginLoader.java:141)
	at com.eviware.soapui.plugins.PluginLoader.loadPlugin(PluginLoader.java:104)
	at com.eviware.soapui.plugins.PluginLoader.loadPlugin(PluginLoader.java:54)
	at com.eviware.soapui.plugins.PluginManager.doInstallPlugin(PluginManager.java:141)
	at com.eviware.soapui.plugins.PluginManager.access$600(PluginManager.java:43)
	at com.eviware.soapui.plugins.PluginManager$LoadPluginsTask.computeSequentially(PluginManager.java:420)
	at com.eviware.soapui.plugins.PluginManager$LoadPluginsTask.compute(PluginManager.java:377)
	at com.eviware.soapui.plugins.PluginManager$LoadPluginsTask.compute(PluginManager.java:382)
	at com.eviware.soapui.plugins.PluginManager$LoadPluginsTask.compute(PluginManager.java:365)
	at java.util.concurrent.RecursiveTask.exec(Unknown Source)
	at java.util.concurrent.ForkJoinTask.doExec(Unknown Source)
	at java.util.concurrent.ForkJoinPool$WorkQueue.runTask(Unknown Source)
	at java.util.concurrent.ForkJoinPool.runWorker(Unknown Source)
	at java.util.concurrent.ForkJoinWorkerThread.run(Unknown Source)
2020-07-22 13:31:34,131 ERROR [SoapUI] An error occurred [com.eviware.soapui.plugins.auto.factories.AutoImportMethodFactory], see error log for details
2020-07-22 13:31:34,145 ERROR [errorlog] java.lang.ClassNotFoundException: com.eviware.soapui.plugins.auto.factories.AutoImportMethodFactory
java.lang.ClassNotFoundException: com.eviware.soapui.plugins.auto.factories.AutoImportMethodFactory
	at org.codehaus.plexus.classworlds.strategy.SelfFirstStrategy.loadClass(SelfFirstStrategy.java:50)
	at org.codehaus.plexus.classworlds.realm.ClassRealm.unsynchronizedLoadClass(ClassRealm.java:271)
	at org.codehaus.plexus.classworlds.realm.ClassRealm.loadClass(ClassRealm.java:247)
	at org.codehaus.plexus.classworlds.realm.ClassRealm.loadClass(ClassRealm.java:239)
	at java.lang.Class.forName0(Native Method)
	at java.lang.Class.forName(Unknown Source)
	at com.eviware.soapui.plugins.LoaderBase.loadAutoFactories(LoaderBase.java:113)
	at com.eviware.soapui.plugins.LoaderBase.loadFactories(LoaderBase.java:80)
	at com.eviware.soapui.plugins.PluginLoader.loadPluginFactories(PluginLoader.java:141)
	at com.eviware.soapui.plugins.PluginLoader.loadPlugin(PluginLoader.java:104)
	at com.eviware.soapui.plugins.PluginLoader.loadPlugin(PluginLoader.java:54)
	at com.eviware.soapui.plugins.PluginManager.doInstallPlugin(PluginManager.java:141)
	at com.eviware.soapui.plugins.PluginManager.access$600(PluginManager.java:43)
	at com.eviware.soapui.plugins.PluginManager$LoadPluginsTask.computeSequentially(PluginManager.java:420)
	at com.eviware.soapui.plugins.PluginManager$LoadPluginsTask.compute(PluginManager.java:377)
	at com.eviware.soapui.plugins.PluginManager$LoadPluginsTask.compute(PluginManager.java:365)
	at java.util.concurrent.RecursiveTask.exec(Unknown Source)
	at java.util.concurrent.ForkJoinTask.doExec(Unknown Source)
	at java.util.concurrent.ForkJoinPool$WorkQueue.runTask(Unknown Source)
	at java.util.concurrent.ForkJoinPool.runWorker(Unknown Source)
	at java.util.concurrent.ForkJoinWorkerThread.run(Unknown Source)
2020-07-22 13:31:34,890 ERROR [SoapUI] An error occurred [com.eviware.soapui.plugins.auto.factories.AutoDiscoveryMethodFactory], see error log for details
2020-07-22 13:31:34,893 ERROR [errorlog] java.lang.ClassNotFoundException: com.eviware.soapui.plugins.auto.factories.AutoDiscoveryMethodFactory
java.lang.ClassNotFoundException: com.eviware.soapui.plugins.auto.factories.AutoDiscoveryMethodFactory
	at org.codehaus.plexus.classworlds.strategy.SelfFirstStrategy.loadClass(SelfFirstStrategy.java:50)
	at org.codehaus.plexus.classworlds.realm.ClassRealm.unsynchronizedLoadClass(ClassRealm.java:271)
	at org.codehaus.plexus.classworlds.realm.ClassRealm.loadClass(ClassRealm.java:247)
	at org.codehaus.plexus.classworlds.realm.ClassRealm.loadClass(ClassRealm.java:239)
	at java.lang.Class.forName0(Native Method)
	at java.lang.Class.forName(Unknown Source)
	at com.eviware.soapui.plugins.LoaderBase.loadAutoFactories(LoaderBase.java:113)
	at com.eviware.soapui.plugins.LoaderBase.loadFactories(LoaderBase.java:80)
	at com.eviware.soapui.plugins.PluginLoader.loadPluginFactories(PluginLoader.java:141)
	at com.eviware.soapui.plugins.PluginLoader.loadPlugin(PluginLoader.java:104)
	at com.eviware.soapui.plugins.PluginLoader.loadPlugin(PluginLoader.java:54)
	at com.eviware.soapui.plugins.PluginManager.doInstallPlugin(PluginManager.java:141)
	at com.eviware.soapui.plugins.PluginManager.access$600(PluginManager.java:43)
	at com.eviware.soapui.plugins.PluginManager$LoadPluginsTask.computeSequentially(PluginManager.java:420)
	at com.eviware.soapui.plugins.PluginManager$LoadPluginsTask.compute(PluginManager.java:377)
	at com.eviware.soapui.plugins.PluginManager$LoadPluginsTask.compute(PluginManager.java:382)
	at com.eviware.soapui.plugins.PluginManager$LoadPluginsTask.compute(PluginManager.java:365)
	at java.util.concurrent.RecursiveTask.exec(Unknown Source)
	at java.util.concurrent.ForkJoinTask.doExec(Unknown Source)
	at java.util.concurrent.ForkJoinPool$WorkQueue.runTask(Unknown Source)
	at java.util.concurrent.ForkJoinPool.runWorker(Unknown Source)
	at java.util.concurrent.ForkJoinWorkerThread.run(Unknown Source)
2020-07-22 13:31:35,448 ERROR [SoapUI] An error occurred [com.eviware.soapui.plugins.auto.factories.AutoDiscoveryMethodFactory], see error log for details
2020-07-22 13:31:35,449 ERROR [errorlog] java.lang.ClassNotFoundException: com.eviware.soapui.plugins.auto.factories.AutoDiscoveryMethodFactory
java.lang.ClassNotFoundException: com.eviware.soapui.plugins.auto.factories.AutoDiscoveryMethodFactory
	at org.codehaus.plexus.classworlds.strategy.SelfFirstStrategy.loadClass(SelfFirstStrategy.java:50)
	at org.codehaus.plexus.classworlds.realm.ClassRealm.unsynchronizedLoadClass(ClassRealm.java:271)
	at org.codehaus.plexus.classworlds.realm.ClassRealm.loadClass(ClassRealm.java:247)
	at org.codehaus.plexus.classworlds.realm.ClassRealm.loadClass(ClassRealm.java:239)
	at java.lang.Class.forName0(Native Method)
	at java.lang.Class.forName(Unknown Source)
	at com.eviware.soapui.plugins.LoaderBase.loadAutoFactories(LoaderBase.java:113)
	at com.eviware.soapui.plugins.LoaderBase.loadFactories(LoaderBase.java:80)
	at com.eviware.soapui.plugins.PluginLoader.loadPluginFactories(PluginLoader.java:141)
	at com.eviware.soapui.plugins.PluginLoader.loadPlugin(PluginLoader.java:104)
	at com.eviware.soapui.plugins.PluginLoader.loadPlugin(PluginLoader.java:54)
	at com.eviware.soapui.plugins.PluginManager.doInstallPlugin(PluginManager.java:141)
	at com.eviware.soapui.plugins.PluginManager.access$600(PluginManager.java:43)
	at com.eviware.soapui.plugins.PluginManager$LoadPluginsTask.computeSequentially(PluginManager.java:420)
	at com.eviware.soapui.plugins.PluginManager$LoadPluginsTask.compute(PluginManager.java:377)
	at com.eviware.soapui.plugins.PluginManager$LoadPluginsTask.compute(PluginManager.java:365)
	at java.util.concurrent.RecursiveTask.exec(Unknown Source)
	at java.util.concurrent.ForkJoinTask.doExec(Unknown Source)
	at java.util.concurrent.ForkJoinPool$WorkQueue.runTask(Unknown Source)
	at java.util.concurrent.ForkJoinPool.runWorker(Unknown Source)
	at java.util.concurrent.ForkJoinWorkerThread.run(Unknown Source)
2020-07-22 13:31:36,342 INFO  [PluginManager] Adding plugin from [C:\Users\BhaskaraNaiduThota\.soapuios\plugins\readyapi-swaggerhub-plugin-1.0.jar]
2020-07-22 13:31:37,473 ERROR [SoapUI] An error occurred [com.eviware.soapui.plugins.auto.factories.AutoImportMethodFactory], see error log for details
2020-07-22 13:31:37,482 ERROR [errorlog] java.lang.ClassNotFoundException: com.eviware.soapui.plugins.auto.factories.AutoImportMethodFactory
java.lang.ClassNotFoundException: com.eviware.soapui.plugins.auto.factories.AutoImportMethodFactory
	at org.codehaus.plexus.classworlds.strategy.SelfFirstStrategy.loadClass(SelfFirstStrategy.java:50)
	at org.codehaus.plexus.classworlds.realm.ClassRealm.unsynchronizedLoadClass(ClassRealm.java:271)
	at org.codehaus.plexus.classworlds.realm.ClassRealm.loadClass(ClassRealm.java:247)
	at org.codehaus.plexus.classworlds.realm.ClassRealm.loadClass(ClassRealm.java:239)
	at java.lang.Class.forName0(Native Method)
	at java.lang.Class.forName(Unknown Source)
	at com.eviware.soapui.plugins.LoaderBase.loadAutoFactories(LoaderBase.java:113)
	at com.eviware.soapui.plugins.LoaderBase.loadFactories(LoaderBase.java:80)
	at com.eviware.soapui.plugins.PluginLoader.loadPluginFactories(PluginLoader.java:141)
	at com.eviware.soapui.plugins.PluginLoader.loadPlugin(PluginLoader.java:104)
	at com.eviware.soapui.plugins.PluginLoader.loadPlugin(PluginLoader.java:54)
	at com.eviware.soapui.plugins.PluginManager.doInstallPlugin(PluginManager.java:141)
	at com.eviware.soapui.plugins.PluginManager.access$600(PluginManager.java:43)
	at com.eviware.soapui.plugins.PluginManager$LoadPluginsTask.computeSequentially(PluginManager.java:420)
	at com.eviware.soapui.plugins.PluginManager$LoadPluginsTask.compute(PluginManager.java:377)
	at com.eviware.soapui.plugins.PluginManager$LoadPluginsTask.compute(PluginManager.java:382)
	at com.eviware.soapui.plugins.PluginManager$LoadPluginsTask.compute(PluginManager.java:365)
	at java.util.concurrent.RecursiveTask.exec(Unknown Source)
	at java.util.concurrent.ForkJoinTask.doExec(Unknown Source)
	at java.util.concurrent.ForkJoinPool$WorkQueue.runTask(Unknown Source)
	at java.util.concurrent.ForkJoinPool.runWorker(Unknown Source)
	at java.util.concurrent.ForkJoinWorkerThread.run(Unknown Source)
2020-07-22 13:31:38,501 ERROR [SoapUI] An error occurred [com.eviware.soapui.plugins.auto.factories.AutoDiscoveryMethodFactory], see error log for details
2020-07-22 13:31:38,508 ERROR [errorlog] java.lang.ClassNotFoundException: com.eviware.soapui.plugins.auto.factories.AutoDiscoveryMethodFactory
java.lang.ClassNotFoundException: com.eviware.soapui.plugins.auto.factories.AutoDiscoveryMethodFactory
	at org.codehaus.plexus.classworlds.strategy.SelfFirstStrategy.loadClass(SelfFirstStrategy.java:50)
	at org.codehaus.plexus.classworlds.realm.ClassRealm.unsynchronizedLoadClass(ClassRealm.java:271)
	at org.codehaus.plexus.classworlds.realm.ClassRealm.loadClass(ClassRealm.java:247)
	at org.codehaus.plexus.classworlds.realm.ClassRealm.loadClass(ClassRealm.java:239)
	at java.lang.Class.forName0(Native Method)
	at java.lang.Class.forName(Unknown Source)
	at com.eviware.soapui.plugins.LoaderBase.loadAutoFactories(LoaderBase.java:113)
	at com.eviware.soapui.plugins.LoaderBase.loadFactories(LoaderBase.java:80)
	at com.eviware.soapui.plugins.PluginLoader.loadPluginFactories(PluginLoader.java:141)
	at com.eviware.soapui.plugins.PluginLoader.loadPlugin(PluginLoader.java:104)
	at com.eviware.soapui.plugins.PluginLoader.loadPlugin(PluginLoader.java:54)
	at com.eviware.soapui.plugins.PluginManager.doInstallPlugin(PluginManager.java:141)
	at com.eviware.soapui.plugins.PluginManager.access$600(PluginManager.java:43)
	at com.eviware.soapui.plugins.PluginManager$LoadPluginsTask.computeSequentially(PluginManager.java:420)
	at com.eviware.soapui.plugins.PluginManager$LoadPluginsTask.compute(PluginManager.java:377)
	at com.eviware.soapui.plugins.PluginManager$LoadPluginsTask.compute(PluginManager.java:382)
	at com.eviware.soapui.plugins.PluginManager$LoadPluginsTask.compute(PluginManager.java:365)
	at java.util.concurrent.RecursiveTask.exec(Unknown Source)
	at java.util.concurrent.ForkJoinTask.doExec(Unknown Source)
	at java.util.concurrent.ForkJoinPool$WorkQueue.runTask(Unknown Source)
	at java.util.concurrent.ForkJoinPool.runWorker(Unknown Source)
	at java.util.concurrent.ForkJoinWorkerThread.run(Unknown Source)
2020-07-22 13:31:38,998 INFO  [PluginManager] 5 plugins loaded in 18184 ms
2020-07-22 13:31:38,998 INFO  [DefaultSoapUICore] All plugins loaded
2020-07-22 13:31:43,348 INFO  [WsdlProject] Loaded project from [file:/C:/Users/BhaskaraNaiduThota/Desktop/PROJECT/Webservice-Testing-Project-soapui-project.xml]
2020-07-22 13:31:43,378 INFO  [SoapUITestCaseRunner] Running SoapUI tests in project [Webservice_Testing_Project_submit]
2020-07-22 13:31:43,382 INFO  [SoapUITestCaseRunner] Running Project [Webservice_Testing_Project_submit], runType = SEQUENTIAL
2020-07-22 13:31:43,466 INFO  [SoapUITestCaseRunner] Running SoapUI testcase [End to End]
2020-07-22 13:31:43,486 INFO  [SoapUITestCaseRunner] running step [Propertyforemail]
2020-07-22 13:31:43,602 INFO  [SoapUITestCaseRunner] running step [SaveCoustomer]
2020-07-22 13:31:45,671 INFO  [SoapUITestCaseRunner] Assertion [SOAP Response] has status VALID
2020-07-22 13:31:45,671 INFO  [SoapUITestCaseRunner] running step [Groovy Script]
2020-07-22 13:31:46,631 INFO  [log]  all response <env:Envelope xmlns:env="http://www.w3.org/2003/05/soap-envelope" xmlns:ns1="http://soap.upskills.in/soap/default?services=customerCustomerRepositoryV1">
   <env:Body>
      <ns1:customerCustomerRepositoryV1SaveResponse>
         <result>
            <id>3678</id>
            <groupId>1</groupId>
            <defaultBilling>3029</defaultBilling>
            <defaultShipping>3029</defaultShipping>
            <createdAt>2020-07-22 08:01:50</createdAt>
            <updatedAt>2020-07-22 08:01:50</updatedAt>
            <createdIn>Default Store View</createdIn>
            <dob>1994-05-19</dob>
            <email>bhaskar@gmail.com</email>
            <firstname>Bhaskar</firstname>
            <lastname>Naidu</lastname>
            <storeId>1</storeId>
            <websiteId>1</websiteId>
            <addresses>
               <item>
                  <id>3029</id>
                  <customerId>3678</customerId>
                  <region>
                     <regionCode>Karnataka</regionCode>
                     <region>Karnataka</region>
                     <regionId>0</regionId>
                  </region>
                  <regionId>0</regionId>
                  <countryId>IN</countryId>
                  <street>
                     <item>#55, 1 st Main Road</item>
                  </street>
                  <telephone>+91 9876543210</telephone>
                  <postcode>560023</postcode>
                  <city>Bengaluru</city>
                  <firstname>Krishna</firstname>
                  <lastname>Mohan</lastname>
                  <defaultShipping>true</defaultShipping>
                  <defaultBilling>true</defaultBilling>
               </item>
            </addresses>
            <disableAutoGroupChange>0</disableAutoGroupChange>
            <extensionAttributes>
               <isSubscribed>false</isSubscribed>
            </extensionAttributes>
         </result>
      </ns1:customerCustomerRepositoryV1SaveResponse>
   </env:Body>
</env:Envelope>
2020-07-22 13:31:47,697 INFO  [log]  id values are 3678
2020-07-22 13:31:47,739 INFO  [SoapUITestCaseRunner] running step [coustomerid]
2020-07-22 13:31:47,776 INFO  [SoapUITestCaseRunner] running step [GetList]
2020-07-22 13:31:54,772 INFO  [SoapUITestCaseRunner] Assertion [SOAP Response] has status VALID
2020-07-22 13:31:54,772 INFO  [SoapUITestCaseRunner] running step [GetByid]
2020-07-22 13:31:55,608 INFO  [SoapUITestCaseRunner] Assertion [SOAP Response] has status VALID
2020-07-22 13:31:55,609 INFO  [SoapUITestCaseRunner] running step [DeletByid]
2020-07-22 13:31:57,630 INFO  [log] true
2020-07-22 13:31:57,634 INFO  [log] Test case pass
2020-07-22 13:31:57,636 INFO  [SoapUITestCaseRunner] Assertion [SOAP Response] has status VALID
2020-07-22 13:31:57,643 INFO  [SoapUITestCaseRunner] Assertion [Script Assertion] has status VALID
2020-07-22 13:31:57,671 INFO  [SoapUITestCaseRunner] Finished running SoapUI testcase [End to End], time taken: 14009ms, status: FINISHED
2020-07-22 13:31:57,689 INFO  [SoapUITestCaseRunner] Running SoapUI testcase [Data Driven]
2020-07-22 13:31:57,690 INFO  [SoapUITestCaseRunner] running step [Groovy Script]
2020-07-22 13:31:58,790 INFO  [log] The Total number of rows are 4
2020-07-22 13:31:58,855 INFO  [log] The Total number of columns are 3
2020-07-22 13:31:59,184 INFO  [log] email is bhaskar1@gmail.com
2020-07-22 13:31:59,266 INFO  [log] firstname is Naidu1
2020-07-22 13:31:59,333 INFO  [log] lastname is Naidu1
2020-07-22 13:31:59,363 INFO  [SoapUITestCaseRunner] Running SoapUI testcase [End to End]
2020-07-22 13:31:59,443 INFO  [SoapUITestCaseRunner] running step [Propertyforemail]
2020-07-22 13:31:59,446 INFO  [SoapUITestCaseRunner] running step [SaveCoustomer]
2020-07-22 13:32:00,637 INFO  [SoapUITestCaseRunner] Assertion [SOAP Response] has status VALID
2020-07-22 13:32:00,638 INFO  [SoapUITestCaseRunner] running step [Groovy Script]
2020-07-22 13:32:00,693 INFO  [log]  all response <env:Envelope xmlns:env="http://www.w3.org/2003/05/soap-envelope" xmlns:ns1="http://soap.upskills.in/soap/default?services=customerCustomerRepositoryV1">
   <env:Body>
      <ns1:customerCustomerRepositoryV1SaveResponse>
         <result>
            <id>3679</id>
            <groupId>1</groupId>
            <defaultBilling>3030</defaultBilling>
            <defaultShipping>3030</defaultShipping>
            <createdAt>2020-07-22 08:02:05</createdAt>
            <updatedAt>2020-07-22 08:02:05</updatedAt>
            <createdIn>Default Store View</createdIn>
            <dob>1994-05-19</dob>
            <email>bhaskar@gmail.com</email>
            <firstname>Bhaskar</firstname>
            <lastname>Naidu</lastname>
            <storeId>1</storeId>
            <websiteId>1</websiteId>
            <addresses>
               <item>
                  <id>3030</id>
                  <customerId>3679</customerId>
                  <region>
                     <regionCode>Karnataka</regionCode>
                     <region>Karnataka</region>
                     <regionId>0</regionId>
                  </region>
                  <regionId>0</regionId>
                  <countryId>IN</countryId>
                  <street>
                     <item>#55, 1 st Main Road</item>
                  </street>
                  <telephone>+91 9876543210</telephone>
                  <postcode>560023</postcode>
                  <city>Bengaluru</city>
                  <firstname>Krishna</firstname>
                  <lastname>Mohan</lastname>
                  <defaultShipping>true</defaultShipping>
                  <defaultBilling>true</defaultBilling>
               </item>
            </addresses>
            <disableAutoGroupChange>0</disableAutoGroupChange>
            <extensionAttributes>
               <isSubscribed>false</isSubscribed>
            </extensionAttributes>
         </result>
      </ns1:customerCustomerRepositoryV1SaveResponse>
   </env:Body>
</env:Envelope>
2020-07-22 13:32:01,163 INFO  [log]  id values are 3679
2020-07-22 13:32:01,187 INFO  [SoapUITestCaseRunner] running step [coustomerid]
2020-07-22 13:32:01,194 INFO  [SoapUITestCaseRunner] running step [GetList]
2020-07-22 13:32:08,486 INFO  [SoapUITestCaseRunner] Assertion [SOAP Response] has status VALID
2020-07-22 13:32:08,491 INFO  [SoapUITestCaseRunner] running step [GetByid]
2020-07-22 13:32:09,334 INFO  [SoapUITestCaseRunner] Assertion [SOAP Response] has status VALID
2020-07-22 13:32:09,341 INFO  [SoapUITestCaseRunner] running step [DeletByid]
2020-07-22 13:32:10,432 INFO  [log] true
2020-07-22 13:32:10,432 INFO  [log] Test case pass
2020-07-22 13:32:10,434 INFO  [SoapUITestCaseRunner] Assertion [SOAP Response] has status VALID
2020-07-22 13:32:10,434 INFO  [SoapUITestCaseRunner] Assertion [Script Assertion] has status VALID
2020-07-22 13:32:10,447 INFO  [SoapUITestCaseRunner] Finished running SoapUI testcase [End to End], time taken: 10883ms, status: FINISHED
2020-07-22 13:32:10,470 INFO  [log] Number of test Step got executed7
2020-07-22 13:32:10,472 INFO  [log] email is bhaskar2@gmail.com
2020-07-22 13:32:10,477 INFO  [log] firstname is Naidu2
2020-07-22 13:32:10,485 INFO  [log] lastname is Naidu2
2020-07-22 13:32:10,498 INFO  [SoapUITestCaseRunner] Running SoapUI testcase [End to End]
2020-07-22 13:32:10,501 INFO  [SoapUITestCaseRunner] running step [Propertyforemail]
2020-07-22 13:32:10,506 INFO  [SoapUITestCaseRunner] running step [SaveCoustomer]
2020-07-22 13:32:11,478 INFO  [SoapUITestCaseRunner] Assertion [SOAP Response] has status VALID
2020-07-22 13:32:11,492 INFO  [SoapUITestCaseRunner] running step [Groovy Script]
2020-07-22 13:32:11,508 INFO  [log]  all response <env:Envelope xmlns:env="http://www.w3.org/2003/05/soap-envelope" xmlns:ns1="http://soap.upskills.in/soap/default?services=customerCustomerRepositoryV1">
   <env:Body>
      <ns1:customerCustomerRepositoryV1SaveResponse>
         <result>
            <id>3680</id>
            <groupId>1</groupId>
            <defaultBilling>3031</defaultBilling>
            <defaultShipping>3031</defaultShipping>
            <createdAt>2020-07-22 08:02:16</createdAt>
            <updatedAt>2020-07-22 08:02:16</updatedAt>
            <createdIn>Default Store View</createdIn>
            <dob>1994-05-19</dob>
            <email>bhaskar@gmail.com</email>
            <firstname>Bhaskar</firstname>
            <lastname>Naidu</lastname>
            <storeId>1</storeId>
            <websiteId>1</websiteId>
            <addresses>
               <item>
                  <id>3031</id>
                  <customerId>3680</customerId>
                  <region>
                     <regionCode>Karnataka</regionCode>
                     <region>Karnataka</region>
                     <regionId>0</regionId>
                  </region>
                  <regionId>0</regionId>
                  <countryId>IN</countryId>
                  <street>
                     <item>#55, 1 st Main Road</item>
                  </street>
                  <telephone>+91 9876543210</telephone>
                  <postcode>560023</postcode>
                  <city>Bengaluru</city>
                  <firstname>Krishna</firstname>
                  <lastname>Mohan</lastname>
                  <defaultShipping>true</defaultShipping>
                  <defaultBilling>true</defaultBilling>
               </item>
            </addresses>
            <disableAutoGroupChange>0</disableAutoGroupChange>
            <extensionAttributes>
               <isSubscribed>false</isSubscribed>
            </extensionAttributes>
         </result>
      </ns1:customerCustomerRepositoryV1SaveResponse>
   </env:Body>
</env:Envelope>
2020-07-22 13:32:12,175 INFO  [log]  id values are 3680
2020-07-22 13:32:12,200 INFO  [SoapUITestCaseRunner] running step [coustomerid]
2020-07-22 13:32:12,227 INFO  [SoapUITestCaseRunner] running step [GetList]
2020-07-22 13:32:17,005 INFO  [SoapUITestCaseRunner] Assertion [SOAP Response] has status VALID
2020-07-22 13:32:17,017 INFO  [SoapUITestCaseRunner] running step [GetByid]
2020-07-22 13:32:17,957 INFO  [SoapUITestCaseRunner] Assertion [SOAP Response] has status VALID
2020-07-22 13:32:17,957 INFO  [SoapUITestCaseRunner] running step [DeletByid]
2020-07-22 13:32:19,087 INFO  [log] true
2020-07-22 13:32:19,088 INFO  [log] Test case pass
2020-07-22 13:32:19,102 INFO  [SoapUITestCaseRunner] Assertion [SOAP Response] has status VALID
2020-07-22 13:32:19,143 INFO  [SoapUITestCaseRunner] Assertion [Script Assertion] has status VALID
2020-07-22 13:32:19,160 INFO  [SoapUITestCaseRunner] Finished running SoapUI testcase [End to End], time taken: 8473ms, status: FINISHED
2020-07-22 13:32:19,162 INFO  [log] Number of test Step got executed7
2020-07-22 13:32:19,167 INFO  [log] email is bhaskar3@gmail.com
2020-07-22 13:32:19,170 INFO  [log] firstname is Naidu3
2020-07-22 13:32:19,184 INFO  [log] lastname is Naidu3
2020-07-22 13:32:19,187 INFO  [SoapUITestCaseRunner] Running SoapUI testcase [End to End]
2020-07-22 13:32:19,194 INFO  [SoapUITestCaseRunner] running step [Propertyforemail]
2020-07-22 13:32:19,198 INFO  [SoapUITestCaseRunner] running step [SaveCoustomer]
2020-07-22 13:32:20,222 INFO  [SoapUITestCaseRunner] Assertion [SOAP Response] has status VALID
2020-07-22 13:32:20,222 INFO  [SoapUITestCaseRunner] running step [Groovy Script]
2020-07-22 13:32:20,224 INFO  [log]  all response <env:Envelope xmlns:env="http://www.w3.org/2003/05/soap-envelope" xmlns:ns1="http://soap.upskills.in/soap/default?services=customerCustomerRepositoryV1">
   <env:Body>
      <ns1:customerCustomerRepositoryV1SaveResponse>
         <result>
            <id>3681</id>
            <groupId>1</groupId>
            <defaultBilling>3032</defaultBilling>
            <defaultShipping>3032</defaultShipping>
            <createdAt>2020-07-22 08:02:24</createdAt>
            <updatedAt>2020-07-22 08:02:24</updatedAt>
            <createdIn>Default Store View</createdIn>
            <dob>1994-05-19</dob>
            <email>bhaskar@gmail.com</email>
            <firstname>Bhaskar</firstname>
            <lastname>Naidu</lastname>
            <storeId>1</storeId>
            <websiteId>1</websiteId>
            <addresses>
               <item>
                  <id>3032</id>
                  <customerId>3681</customerId>
                  <region>
                     <regionCode>Karnataka</regionCode>
                     <region>Karnataka</region>
                     <regionId>0</regionId>
                  </region>
                  <regionId>0</regionId>
                  <countryId>IN</countryId>
                  <street>
                     <item>#55, 1 st Main Road</item>
                  </street>
                  <telephone>+91 9876543210</telephone>
                  <postcode>560023</postcode>
                  <city>Bengaluru</city>
                  <firstname>Krishna</firstname>
                  <lastname>Mohan</lastname>
                  <defaultShipping>true</defaultShipping>
                  <defaultBilling>true</defaultBilling>
               </item>
            </addresses>
            <disableAutoGroupChange>0</disableAutoGroupChange>
            <extensionAttributes>
               <isSubscribed>false</isSubscribed>
            </extensionAttributes>
         </result>
      </ns1:customerCustomerRepositoryV1SaveResponse>
   </env:Body>
</env:Envelope>
2020-07-22 13:32:20,697 INFO  [log]  id values are 3681
2020-07-22 13:32:20,716 INFO  [SoapUITestCaseRunner] running step [coustomerid]
2020-07-22 13:32:20,728 INFO  [SoapUITestCaseRunner] running step [GetList]
2020-07-22 13:32:25,587 INFO  [SoapUITestCaseRunner] Assertion [SOAP Response] has status VALID
2020-07-22 13:32:25,589 INFO  [SoapUITestCaseRunner] running step [GetByid]
2020-07-22 13:32:26,506 INFO  [SoapUITestCaseRunner] Assertion [SOAP Response] has status VALID
2020-07-22 13:32:26,506 INFO  [SoapUITestCaseRunner] running step [DeletByid]
2020-07-22 13:32:27,420 INFO  [log] true
2020-07-22 13:32:27,422 INFO  [log] Test case pass
2020-07-22 13:32:27,424 INFO  [SoapUITestCaseRunner] Assertion [SOAP Response] has status VALID
2020-07-22 13:32:27,433 INFO  [SoapUITestCaseRunner] Assertion [Script Assertion] has status VALID
2020-07-22 13:32:27,439 INFO  [SoapUITestCaseRunner] Finished running SoapUI testcase [End to End], time taken: 8135ms, status: FINISHED
2020-07-22 13:32:27,455 INFO  [log] Number of test Step got executed7
2020-07-22 13:32:27,462 INFO  [log] email is bhaskar4@gmail.com
2020-07-22 13:32:27,469 INFO  [log] firstname is Naidu4
2020-07-22 13:32:27,478 INFO  [log] lastname is Naidu4
2020-07-22 13:32:27,479 INFO  [SoapUITestCaseRunner] Running SoapUI testcase [End to End]
2020-07-22 13:32:27,493 INFO  [SoapUITestCaseRunner] running step [Propertyforemail]
2020-07-22 13:32:27,499 INFO  [SoapUITestCaseRunner] running step [SaveCoustomer]
2020-07-22 13:32:28,386 INFO  [SoapUITestCaseRunner] Assertion [SOAP Response] has status VALID
2020-07-22 13:32:28,386 INFO  [SoapUITestCaseRunner] running step [Groovy Script]
2020-07-22 13:32:28,387 INFO  [log]  all response <env:Envelope xmlns:env="http://www.w3.org/2003/05/soap-envelope" xmlns:ns1="http://soap.upskills.in/soap/default?services=customerCustomerRepositoryV1">
   <env:Body>
      <ns1:customerCustomerRepositoryV1SaveResponse>
         <result>
            <id>3682</id>
            <groupId>1</groupId>
            <defaultBilling>3033</defaultBilling>
            <defaultShipping>3033</defaultShipping>
            <createdAt>2020-07-22 08:02:33</createdAt>
            <updatedAt>2020-07-22 08:02:33</updatedAt>
            <createdIn>Default Store View</createdIn>
            <dob>1994-05-19</dob>
            <email>bhaskar@gmail.com</email>
            <firstname>Bhaskar</firstname>
            <lastname>Naidu</lastname>
            <storeId>1</storeId>
            <websiteId>1</websiteId>
            <addresses>
               <item>
                  <id>3033</id>
                  <customerId>3682</customerId>
                  <region>
                     <regionCode>Karnataka</regionCode>
                     <region>Karnataka</region>
                     <regionId>0</regionId>
                  </region>
                  <regionId>0</regionId>
                  <countryId>IN</countryId>
                  <street>
                     <item>#55, 1 st Main Road</item>
                  </street>
                  <telephone>+91 9876543210</telephone>
                  <postcode>560023</postcode>
                  <city>Bengaluru</city>
                  <firstname>Krishna</firstname>
                  <lastname>Mohan</lastname>
                  <defaultShipping>true</defaultShipping>
                  <defaultBilling>true</defaultBilling>
               </item>
            </addresses>
            <disableAutoGroupChange>0</disableAutoGroupChange>
            <extensionAttributes>
               <isSubscribed>false</isSubscribed>
            </extensionAttributes>
         </result>
      </ns1:customerCustomerRepositoryV1SaveResponse>
   </env:Body>
</env:Envelope>
2020-07-22 13:32:28,706 INFO  [log]  id values are 3682
2020-07-22 13:32:28,709 INFO  [SoapUITestCaseRunner] running step [coustomerid]
2020-07-22 13:32:28,712 INFO  [SoapUITestCaseRunner] running step [GetList]
2020-07-22 13:32:32,898 INFO  [SoapUITestCaseRunner] Assertion [SOAP Response] has status VALID
2020-07-22 13:32:32,899 INFO  [SoapUITestCaseRunner] running step [GetByid]
2020-07-22 13:32:33,698 INFO  [SoapUITestCaseRunner] Assertion [SOAP Response] has status VALID
2020-07-22 13:32:33,730 INFO  [SoapUITestCaseRunner] running step [DeletByid]
2020-07-22 13:32:34,820 INFO  [log] true
2020-07-22 13:32:34,820 INFO  [log] Test case pass
2020-07-22 13:32:34,826 INFO  [SoapUITestCaseRunner] Assertion [SOAP Response] has status VALID
2020-07-22 13:32:34,835 INFO  [SoapUITestCaseRunner] Assertion [Script Assertion] has status VALID
2020-07-22 13:32:34,839 INFO  [SoapUITestCaseRunner] Finished running SoapUI testcase [End to End], time taken: 7233ms, status: FINISHED
2020-07-22 13:32:34,842 INFO  [log] Number of test Step got executed7
2020-07-22 13:32:34,842 INFO  [SoapUITestCaseRunner] Finished running SoapUI testcase [Data Driven], time taken: 37150ms, status: FINISHED
2020-07-22 13:32:34,859 INFO  [SoapUITestCaseRunner] Running SoapUI testcase [DataBase Testing]
2020-07-22 13:32:34,871 INFO  [SoapUITestCaseRunner] running step [Propertyforemail]
2020-07-22 13:32:34,879 INFO  [SoapUITestCaseRunner] running step [JDBC Request]
2020-07-22 13:32:35,508 INFO  [SoapUITestCaseRunner] running step [Call Save Customer Request]
2020-07-22 13:32:36,888 INFO  [SchemaUtils] Added default schema from file:/C:/Users/BhaskaraNaiduThota/.m2/repository/com/smartbear/soapui/soapui/5.5.0/soapui-5.5.0.jar!/com/eviware/soapui/resources/xsds/xop.xsd with targetNamespace http://www.w3.org/2004/08/xop/include
2020-07-22 13:32:37,035 INFO  [SchemaUtils] Added default schema from file:/C:/Users/BhaskaraNaiduThota/.m2/repository/com/smartbear/soapui/soapui/5.5.0/soapui-5.5.0.jar!/com/eviware/soapui/resources/xsds/XMLSchema.xsd with targetNamespace http://www.w3.org/2001/XMLSchema
2020-07-22 13:32:37,158 INFO  [SchemaUtils] Added default schema from file:/C:/Users/BhaskaraNaiduThota/.m2/repository/com/smartbear/soapui/soapui/5.5.0/soapui-5.5.0.jar!/com/eviware/soapui/resources/xsds/xml.xsd with targetNamespace http://www.w3.org/XML/1998/namespace
2020-07-22 13:32:37,225 INFO  [SchemaUtils] Added default schema from file:/C:/Users/BhaskaraNaiduThota/.m2/repository/com/smartbear/soapui/soapui/5.5.0/soapui-5.5.0.jar!/com/eviware/soapui/resources/xsds/swaref.xsd with targetNamespace http://ws-i.org/profiles/basic/1.1/xsd
2020-07-22 13:32:37,306 INFO  [SchemaUtils] Added default schema from file:/C:/Users/BhaskaraNaiduThota/.m2/repository/com/smartbear/soapui/soapui/5.5.0/soapui-5.5.0.jar!/com/eviware/soapui/resources/xsds/xmime200505.xsd with targetNamespace http://www.w3.org/2005/05/xmlmime
2020-07-22 13:32:37,379 INFO  [SchemaUtils] Added default schema from file:/C:/Users/BhaskaraNaiduThota/.m2/repository/com/smartbear/soapui/soapui/5.5.0/soapui-5.5.0.jar!/com/eviware/soapui/resources/xsds/xmime200411.xsd with targetNamespace http://www.w3.org/2004/11/xmlmime
2020-07-22 13:32:37,422 INFO  [SchemaUtils] Added default schema from file:/C:/Users/BhaskaraNaiduThota/.m2/repository/com/smartbear/soapui/soapui/5.5.0/soapui-5.5.0.jar!/com/eviware/soapui/resources/xsds/soapEnvelope.xsd with targetNamespace http://schemas.xmlsoap.org/soap/envelope/
2020-07-22 13:32:37,488 INFO  [SchemaUtils] Added default schema from file:/C:/Users/BhaskaraNaiduThota/.m2/repository/com/smartbear/soapui/soapui/5.5.0/soapui-5.5.0.jar!/com/eviware/soapui/resources/xsds/soapEncoding.xsd with targetNamespace http://schemas.xmlsoap.org/soap/encoding/
2020-07-22 13:32:37,582 INFO  [SchemaUtils] Added default schema from file:/C:/Users/BhaskaraNaiduThota/.m2/repository/com/smartbear/soapui/soapui/5.5.0/soapui-5.5.0.jar!/com/eviware/soapui/resources/xsds/soapEnvelope12.xsd with targetNamespace http://www.w3.org/2003/05/soap-envelope
2020-07-22 13:32:37,617 INFO  [SchemaUtils] Added default schema from file:/C:/Users/BhaskaraNaiduThota/.m2/repository/com/smartbear/soapui/soapui/5.5.0/soapui-5.5.0.jar!/com/eviware/soapui/resources/xsds/soapEncoding12.xsd with targetNamespace http://www.w3.org/2003/05/soap-encoding
2020-07-22 13:32:37,669 INFO  [SchemaUtils] Loading schema types from [file:\C:\Users\ImranPeenaMajidsab\Desktop\FUll_SDET\API_project\SOAP%20API%20WSDL%20EndPoints\SOAP%20API%20WSDL%20EndPoints\customerCustomerRepositoryV1.xml]
2020-07-22 13:32:37,676 INFO  [SchemaUtils] Getting schema file:\C:\Users\ImranPeenaMajidsab\Desktop\FUll_SDET\API_project\SOAP%20API%20WSDL%20EndPoints\SOAP%20API%20WSDL%20EndPoints\customerCustomerRepositoryV1.xml
2020-07-22 13:32:38,565 INFO  [SoapUITestCaseRunner] Assertion [SOAP Response] has status VALID
2020-07-22 13:32:38,566 INFO  [SoapUITestCaseRunner] Assertion [Schema Compliance] has status VALID
2020-07-22 13:32:38,576 INFO  [SoapUITestCaseRunner] Assertion [Not SOAP Fault] has status VALID
2020-07-22 13:32:38,584 INFO  [SoapUITestCaseRunner] running step [Groovy Script]
2020-07-22 13:32:38,675 INFO  [log]  all response <env:Envelope xmlns:env="http://www.w3.org/2003/05/soap-envelope" xmlns:ns1="http://soap.upskills.in/soap/default?services=customerCustomerRepositoryV1">
   <env:Body>
      <ns1:customerCustomerRepositoryV1SaveResponse>
         <result>
            <id>3683</id>
            <groupId>1</groupId>
            <defaultBilling>3034</defaultBilling>
            <defaultShipping>3034</defaultShipping>
            <createdAt>2020-07-22 08:02:41</createdAt>
            <updatedAt>2020-07-22 08:02:41</updatedAt>
            <createdIn>Default Store View</createdIn>
            <dob>1990-05-29</dob>
            <email>bhaskar17@gmail.com</email>
            <firstname>bhaskar9</firstname>
            <lastname>naidu9</lastname>
            <storeId>1</storeId>
            <websiteId>1</websiteId>
            <addresses>
               <item>
                  <id>3034</id>
                  <customerId>3683</customerId>
                  <region>
                     <regionCode>Karnataka</regionCode>
                     <region>Karnataka</region>
                     <regionId>0</regionId>
                  </region>
                  <regionId>0</regionId>
                  <countryId>IN</countryId>
                  <street>
                     <item>#55, 1 st Main Road</item>
                  </street>
                  <telephone>+91 9876543210</telephone>
                  <postcode>560023</postcode>
                  <city>Bengaluru</city>
                  <firstname>John</firstname>
                  <lastname>Doe</lastname>
                  <defaultShipping>true</defaultShipping>
                  <defaultBilling>true</defaultBilling>
               </item>
            </addresses>
            <disableAutoGroupChange>0</disableAutoGroupChange>
            <extensionAttributes>
               <isSubscribed>false</isSubscribed>
            </extensionAttributes>
         </result>
      </ns1:customerCustomerRepositoryV1SaveResponse>
   </env:Body>
</env:Envelope>
2020-07-22 13:32:39,559 INFO  [log]  id values are 3683
2020-07-22 13:32:39,600 INFO  [SoapUITestCaseRunner] running step [coustomerid]
2020-07-22 13:32:39,616 INFO  [SoapUITestCaseRunner] running step [GetList]
2020-07-22 13:32:44,435 INFO  [SoapUITestCaseRunner] Assertion [SOAP Response] has status VALID
2020-07-22 13:32:44,435 INFO  [SoapUITestCaseRunner] running step [GetByid]
2020-07-22 13:32:45,197 INFO  [SoapUITestCaseRunner] Assertion [SOAP Response] has status VALID
2020-07-22 13:32:45,198 INFO  [SoapUITestCaseRunner] running step [DeletByid]
2020-07-22 13:32:46,380 INFO  [log] true
2020-07-22 13:32:46,380 INFO  [log] Test case pass
2020-07-22 13:32:46,384 INFO  [SoapUITestCaseRunner] Assertion [SOAP Response] has status VALID
2020-07-22 13:32:46,397 INFO  [SoapUITestCaseRunner] Assertion [Script Assertion] has status VALID
2020-07-22 13:32:46,426 INFO  [SoapUITestCaseRunner] Finished running SoapUI testcase [DataBase Testing], time taken: 11417ms, status: FINISHED
2020-07-22 13:32:46,446 INFO  [SoapUITestCaseRunner] Project [Webservice_Testing_Project_submit] finished with status [FINISHED] in 63033ms
2020-07-22 13:33:01,907 WARN  [Tools] Could not delete temporary directory C:\Users\BHASKA~1\AppData\Local\Temp\f37bada1-bb4e-437f-a66a-3c7c4d105a7d
2020-07-22 13:33:01,915 WARN  [Tools] Could not delete temporary directory C:\Users\BHASKA~1\AppData\Local\Temp\2567f35c-1f62-48f8-9aa5-6b20a3591676
